2012-07-04 12:36:53,640 [10] Orchard.Environment.ShellBuilders.ShellContextFactory - No shell settings available. Creating shell context for setup
2012-07-04 13:09:49,865 [41] NHibernate.AdoNet.AbstractBatcher - Could not execute query: SELECT this_.Id as Id7_0_, this_.SerialNumber as SerialNu2_7_0_ FROM Settings_ShellDescriptorRecord this_ WHERE 1=1
System.Data.SqlServerCe.SqlCeException (0x80004005): The specified table does not exist. [ Settings_ShellDescriptorRecord ]
   at System.Data.SqlServerCe.SqlCeCommand.ProcessResults(Int32 hr)
   at System.Data.SqlServerCe.SqlCeCommand.CompileQueryPlan()
   at System.Data.SqlServerCe.SqlCeCommand.ExecuteCommand(CommandBehavior behavior, String method, ResultSetOptions options)
   at System.Data.SqlServerCe.SqlCeCommand.ExecuteReader(CommandBehavior behavior)
   at System.Data.SqlServerCe.SqlCeCommand.ExecuteDbDataReader(CommandBehavior behavior)
   at System.Data.Common.DbCommand.System.Data.IDbCommand.ExecuteReader()
   at NHibernate.AdoNet.AbstractBatcher.ExecuteReader(IDbCommand cmd)
2012-07-04 13:09:49,886 [41] NHibernate.Util.ADOExceptionReporter - System.Data.SqlServerCe.SqlCeException (0x80004005): The specified table does not exist. [ Settings_ShellDescriptorRecord ]
   at System.Data.SqlServerCe.SqlCeCommand.ProcessResults(Int32 hr)
   at System.Data.SqlServerCe.SqlCeCommand.CompileQueryPlan()
   at System.Data.SqlServerCe.SqlCeCommand.ExecuteCommand(CommandBehavior behavior, String method, ResultSetOptions options)
   at System.Data.SqlServerCe.SqlCeCommand.ExecuteReader(CommandBehavior behavior)
   at System.Data.SqlServerCe.SqlCeCommand.ExecuteDbDataReader(CommandBehavior behavior)
   at System.Data.Common.DbCommand.System.Data.IDbCommand.ExecuteReader()
   at NHibernate.AdoNet.AbstractBatcher.ExecuteReader(IDbCommand cmd)
   at NHibernate.Loader.Loader.GetResultSet(IDbCommand st, Boolean autoDiscoverTypes, Boolean callable, RowSelection selection, ISessionImplementor session)
2012-07-04 13:09:49,886 [41] NHibernate.Util.ADOExceptionReporter - The specified table does not exist. [ Settings_ShellDescriptorRecord ]
2012-07-04 13:09:49,905 [41] NHibernate.Util.ADOExceptionReporter - System.Data.SqlServerCe.SqlCeException (0x80004005): The specified table does not exist. [ Settings_ShellDescriptorRecord ]
   at System.Data.SqlServerCe.SqlCeCommand.ProcessResults(Int32 hr)
   at System.Data.SqlServerCe.SqlCeCommand.CompileQueryPlan()
   at System.Data.SqlServerCe.SqlCeCommand.ExecuteCommand(CommandBehavior behavior, String method, ResultSetOptions options)
   at System.Data.SqlServerCe.SqlCeCommand.ExecuteReader(CommandBehavior behavior)
   at System.Data.SqlServerCe.SqlCeCommand.ExecuteDbDataReader(CommandBehavior behavior)
   at System.Data.Common.DbCommand.System.Data.IDbCommand.ExecuteReader()
   at NHibernate.AdoNet.AbstractBatcher.ExecuteReader(IDbCommand cmd)
   at NHibernate.Loader.Loader.GetResultSet(IDbCommand st, Boolean autoDiscoverTypes, Boolean callable, RowSelection selection, ISessionImplementor session)
   at NHibernate.Loader.Loader.DoQuery(ISessionImplementor session, QueryParameters queryParameters, Boolean returnProxies)
   at NHibernate.Loader.Loader.DoQueryAndInitializeNonLazyCollections(ISessionImplementor session, QueryParameters queryParameters, Boolean returnProxies)
   at NHibernate.Loader.Loader.DoList(ISessionImplementor session, QueryParameters queryParameters)
2012-07-04 13:09:49,916 [41] NHibernate.Util.ADOExceptionReporter - The specified table does not exist. [ Settings_ShellDescriptorRecord ]
2012-07-04 13:09:51,675 [41] Orchard.Environment.ShellBuilders.ShellContextFactory - No shell settings available. Creating shell context for setup
2012-07-04 13:09:53,131 [41] Orchard.FileSystems.AppData.AppDataFolder - Could not delete recipe execution folder C:\Rich\Orchard.Source.1.4.2\src\Orchard.Web\App_Data\RecipeQueue\c4e8fe12f1994b16b5a9b993923c1eb4 under "App_Data" folder
