2012-10-22 22:55:54,560 [11] NHibernate.AdoNet.AbstractBatcher - Could not execute query: SELECT this_.Id as Id8_0_, this_.SerialNumber as SerialNu2_8_0_ FROM Settings_ShellDescriptorRecord this_ WHERE 1=1
System.Data.SqlServerCe.SqlCeException (0x80004005): The specified table does not exist. [ Settings_ShellDescriptorRecord ]
   at System.Data.SqlServerCe.SqlCeCommand.ProcessResults(Int32 hr)
   at System.Data.SqlServerCe.SqlCeCommand.CompileQueryPlan()
   at System.Data.SqlServerCe.SqlCeCommand.ExecuteCommand(CommandBehavior behavior, String method, ResultSetOptions options)
   at System.Data.SqlServerCe.SqlCeCommand.ExecuteReader(CommandBehavior behavior)
   at System.Data.SqlServerCe.SqlCeCommand.ExecuteDbDataReader(CommandBehavior behavior)
   at System.Data.Common.DbCommand.System.Data.IDbCommand.ExecuteReader()
   at NHibernate.AdoNet.AbstractBatcher.ExecuteReader(IDbCommand cmd)
2012-10-22 22:55:54,599 [11] NHibernate.Util.ADOExceptionReporter - The specified table does not exist. [ Settings_ShellDescriptorRecord ]
2012-10-22 22:55:54,619 [11] NHibernate.Util.ADOExceptionReporter - The specified table does not exist. [ Settings_ShellDescriptorRecord ]
2012-10-22 22:55:54,836 [11] Orchard.Environment.DefaultOrchardHost - A tenant could not be started: Default
NHibernate.ADOException: could not execute query
[ SELECT this_.Id as Id8_0_, this_.SerialNumber as SerialNu2_8_0_ FROM Settings_ShellDescriptorRecord this_ WHERE 1=1 ]
[SQL: SELECT this_.Id as Id8_0_, this_.SerialNumber as SerialNu2_8_0_ FROM Settings_ShellDescriptorRecord this_ WHERE 1=1] ---> System.Data.SqlServerCe.SqlCeException: The specified table does not exist. [ Settings_ShellDescriptorRecord ]
   at System.Data.SqlServerCe.SqlCeCommand.ProcessResults(Int32 hr)
   at System.Data.SqlServerCe.SqlCeCommand.CompileQueryPlan()
   at System.Data.SqlServerCe.SqlCeCommand.ExecuteCommand(CommandBehavior behavior, String method, ResultSetOptions options)
   at System.Data.SqlServerCe.SqlCeCommand.ExecuteReader(CommandBehavior behavior)
   at System.Data.SqlServerCe.SqlCeCommand.ExecuteDbDataReader(CommandBehavior behavior)
   at System.Data.Common.DbCommand.System.Data.IDbCommand.ExecuteReader()
   at NHibernate.AdoNet.AbstractBatcher.ExecuteReader(IDbCommand cmd)
   at NHibernate.Loader.Loader.GetResultSet(IDbCommand st, Boolean autoDiscoverTypes, Boolean callable, RowSelection selection, ISessionImplementor session)
   at NHibernate.Loader.Loader.DoQuery(ISessionImplementor session, QueryParameters queryParameters, Boolean returnProxies)
   at NHibernate.Loader.Loader.DoQueryAndInitializeNonLazyCollections(ISessionImplementor session, QueryParameters queryParameters, Boolean returnProxies)
   at NHibernate.Loader.Loader.DoList(ISessionImplementor session, QueryParameters queryParameters)
   --- End of inner exception stack trace ---
   at NHibernate.Loader.Loader.DoList(ISessionImplementor session, QueryParameters queryParameters)
   at NHibernate.Loader.Loader.ListIgnoreQueryCache(ISessionImplementor session, QueryParameters queryParameters)
   at NHibernate.Loader.Loader.List(ISessionImplementor session, QueryParameters queryParameters, ISet`1 querySpaces, IType[] resultTypes)
   at NHibernate.Loader.Criteria.CriteriaLoader.List(ISessionImplementor session)
   at NHibernate.Impl.SessionImpl.List(CriteriaImpl criteria, IList results)
   at NHibernate.Impl.CriteriaImpl.List(IList results)
   at NHibernate.Impl.CriteriaImpl.List[T]()
   at NHibernate.Linq.Visitors.ImmediateResultsVisitor`1.GetElementList(MethodCallExpression call, Int32 count)
   at NHibernate.Linq.Visitors.ImmediateResultsVisitor`1.HandleSingleOrDefaultCall(MethodCallExpression call)
   at NHibernate.Linq.Visitors.ImmediateResultsVisitor`1.VisitMethodCall(MethodCallExpression call)
   at NHibernate.Linq.Visitors.ExpressionVisitor.Visit(Expression exp)
   at NHibernate.Linq.Visitors.NHibernateExpressionVisitor.Visit(Expression exp)
   at NHibernate.Linq.Visitors.ImmediateResultsVisitor`1.GetResults(MethodCallExpression expr)
   at NHibernate.Linq.Visitors.RootVisitor.HandleImmediateResultsCall(MethodCallExpression call)
   at NHibernate.Linq.Visitors.RootVisitor.VisitMethodCall(MethodCallExpression expr)
   at NHibernate.Linq.Visitors.ExpressionVisitor.Visit(Expression exp)
   at NHibernate.Linq.Visitors.NHibernateExpressionVisitor.Visit(Expression exp)
   at NHibernate.Linq.Visitors.NHibernateQueryTranslator.TranslateInternal(Expression expression)
   at NHibernate.Linq.Visitors.NHibernateQueryTranslator.Translate(Expression expression, QueryOptions queryOptions)
   at NHibernate.Linq.NHibernateQueryProvider.TranslateExpression(Expression expression)
   at NHibernate.Linq.NHibernateQueryProvider.Execute(Expression expression)
   at NHibernate.Linq.QueryProvider.System.Linq.IQueryProvider.Execute[T](Expression expression)
   at System.Linq.Queryable.SingleOrDefault[TSource](IQueryable`1 source)
   at Orchard.Data.Repository`1.Get(Expression`1 predicate) in C:\Code\Github\Orchard\src\Orchard\Data\Repository.cs:line 91
   at Orchard.Data.Repository`1.Orchard.Data.IRepository<T>.Get(Expression`1 predicate) in C:\Code\Github\Orchard\src\Orchard\Data\Repository.cs:line 60
   at Orchard.Core.Settings.Descriptor.ShellDescriptorManager.GetDescriptorRecord() in C:\Code\Github\Orchard\src\Orchard.Web\Core\Settings\Descriptor\ShellDescriptorManager.cs:line 57
   at Orchard.Core.Settings.Descriptor.ShellDescriptorManager.GetShellDescriptor() in C:\Code\Github\Orchard\src\Orchard.Web\Core\Settings\Descriptor\ShellDescriptorManager.cs:line 30
   at Orchard.Environment.ShellBuilders.ShellContextFactory.CreateShellContext(ShellSettings settings) in C:\Code\Github\Orchard\src\Orchard\Environment\ShellBuilders\ShellContextFactory.cs:line 66
   at Orchard.Environment.DefaultOrchardHost.CreateShellContext(ShellSettings settings) in C:\Code\Github\Orchard\src\Orchard\Environment\DefaultOrchardHost.cs:line 174
   at Orchard.Environment.DefaultOrchardHost.CreateAndActivateShells() in C:\Code\Github\Orchard\src\Orchard\Environment\DefaultOrchardHost.cs:line 134
2012-10-22 22:55:55,467 [11] NHibernate.AdoNet.AbstractBatcher - Could not execute query: SELECT this_.Id as Id8_0_, this_.SerialNumber as SerialNu2_8_0_ FROM Settings_ShellDescriptorRecord this_ WHERE 1=1
System.Data.SqlServerCe.SqlCeException (0x80004005): The specified table does not exist. [ Settings_ShellDescriptorRecord ]
   at System.Data.SqlServerCe.SqlCeCommand.ProcessResults(Int32 hr)
   at System.Data.SqlServerCe.SqlCeCommand.CompileQueryPlan()
   at System.Data.SqlServerCe.SqlCeCommand.ExecuteCommand(CommandBehavior behavior, String method, ResultSetOptions options)
   at System.Data.SqlServerCe.SqlCeCommand.ExecuteReader(CommandBehavior behavior)
   at System.Data.SqlServerCe.SqlCeCommand.ExecuteDbDataReader(CommandBehavior behavior)
   at System.Data.Common.DbCommand.System.Data.IDbCommand.ExecuteReader()
   at NHibernate.AdoNet.AbstractBatcher.ExecuteReader(IDbCommand cmd)
2012-10-22 22:55:55,487 [11] NHibernate.Util.ADOExceptionReporter - The specified table does not exist. [ Settings_ShellDescriptorRecord ]
2012-10-22 22:55:55,505 [11] NHibernate.Util.ADOExceptionReporter - The specified table does not exist. [ Settings_ShellDescriptorRecord ]
2012-10-22 22:55:55,543 [11] Orchard.Environment.DefaultOrchardHost - A tenant could not be started: Default
NHibernate.ADOException: could not execute query
[ SELECT this_.Id as Id8_0_, this_.SerialNumber as SerialNu2_8_0_ FROM Settings_ShellDescriptorRecord this_ WHERE 1=1 ]
[SQL: SELECT this_.Id as Id8_0_, this_.SerialNumber as SerialNu2_8_0_ FROM Settings_ShellDescriptorRecord this_ WHERE 1=1] ---> System.Data.SqlServerCe.SqlCeException: The specified table does not exist. [ Settings_ShellDescriptorRecord ]
   at System.Data.SqlServerCe.SqlCeCommand.ProcessResults(Int32 hr)
   at System.Data.SqlServerCe.SqlCeCommand.CompileQueryPlan()
   at System.Data.SqlServerCe.SqlCeCommand.ExecuteCommand(CommandBehavior behavior, String method, ResultSetOptions options)
   at System.Data.SqlServerCe.SqlCeCommand.ExecuteReader(CommandBehavior behavior)
   at System.Data.SqlServerCe.SqlCeCommand.ExecuteDbDataReader(CommandBehavior behavior)
   at System.Data.Common.DbCommand.System.Data.IDbCommand.ExecuteReader()
   at NHibernate.AdoNet.AbstractBatcher.ExecuteReader(IDbCommand cmd)
   at NHibernate.Loader.Loader.GetResultSet(IDbCommand st, Boolean autoDiscoverTypes, Boolean callable, RowSelection selection, ISessionImplementor session)
   at NHibernate.Loader.Loader.DoQuery(ISessionImplementor session, QueryParameters queryParameters, Boolean returnProxies)
   at NHibernate.Loader.Loader.DoQueryAndInitializeNonLazyCollections(ISessionImplementor session, QueryParameters queryParameters, Boolean returnProxies)
   at NHibernate.Loader.Loader.DoList(ISessionImplementor session, QueryParameters queryParameters)
   --- End of inner exception stack trace ---
   at NHibernate.Loader.Loader.DoList(ISessionImplementor session, QueryParameters queryParameters)
   at NHibernate.Loader.Loader.ListIgnoreQueryCache(ISessionImplementor session, QueryParameters queryParameters)
   at NHibernate.Loader.Loader.List(ISessionImplementor session, QueryParameters queryParameters, ISet`1 querySpaces, IType[] resultTypes)
   at NHibernate.Loader.Criteria.CriteriaLoader.List(ISessionImplementor session)
   at NHibernate.Impl.SessionImpl.List(CriteriaImpl criteria, IList results)
   at NHibernate.Impl.CriteriaImpl.List(IList results)
   at NHibernate.Impl.CriteriaImpl.List[T]()
   at NHibernate.Linq.Visitors.ImmediateResultsVisitor`1.GetElementList(MethodCallExpression call, Int32 count)
   at NHibernate.Linq.Visitors.ImmediateResultsVisitor`1.HandleSingleOrDefaultCall(MethodCallExpression call)
   at NHibernate.Linq.Visitors.ImmediateResultsVisitor`1.VisitMethodCall(MethodCallExpression call)
   at NHibernate.Linq.Visitors.ExpressionVisitor.Visit(Expression exp)
   at NHibernate.Linq.Visitors.NHibernateExpressionVisitor.Visit(Expression exp)
   at NHibernate.Linq.Visitors.ImmediateResultsVisitor`1.GetResults(MethodCallExpression expr)
   at NHibernate.Linq.Visitors.RootVisitor.HandleImmediateResultsCall(MethodCallExpression call)
   at NHibernate.Linq.Visitors.RootVisitor.VisitMethodCall(MethodCallExpression expr)
   at NHibernate.Linq.Visitors.ExpressionVisitor.Visit(Expression exp)
   at NHibernate.Linq.Visitors.NHibernateExpressionVisitor.Visit(Expression exp)
   at NHibernate.Linq.Visitors.NHibernateQueryTranslator.TranslateInternal(Expression expression)
   at NHibernate.Linq.Visitors.NHibernateQueryTranslator.Translate(Expression expression, QueryOptions queryOptions)
   at NHibernate.Linq.NHibernateQueryProvider.TranslateExpression(Expression expression)
   at NHibernate.Linq.NHibernateQueryProvider.Execute(Expression expression)
   at NHibernate.Linq.QueryProvider.System.Linq.IQueryProvider.Execute[T](Expression expression)
   at System.Linq.Queryable.SingleOrDefault[TSource](IQueryable`1 source)
   at Orchard.Data.Repository`1.Get(Expression`1 predicate) in C:\Code\Github\Orchard\src\Orchard\Data\Repository.cs:line 91
   at Orchard.Data.Repository`1.Orchard.Data.IRepository<T>.Get(Expression`1 predicate) in C:\Code\Github\Orchard\src\Orchard\Data\Repository.cs:line 60
   at Orchard.Core.Settings.Descriptor.ShellDescriptorManager.GetDescriptorRecord() in C:\Code\Github\Orchard\src\Orchard.Web\Core\Settings\Descriptor\ShellDescriptorManager.cs:line 57
   at Orchard.Core.Settings.Descriptor.ShellDescriptorManager.GetShellDescriptor() in C:\Code\Github\Orchard\src\Orchard.Web\Core\Settings\Descriptor\ShellDescriptorManager.cs:line 30
   at Orchard.Environment.ShellBuilders.ShellContextFactory.CreateShellContext(ShellSettings settings) in C:\Code\Github\Orchard\src\Orchard\Environment\ShellBuilders\ShellContextFactory.cs:line 66
   at Orchard.Environment.DefaultOrchardHost.CreateShellContext(ShellSettings settings) in C:\Code\Github\Orchard\src\Orchard\Environment\DefaultOrchardHost.cs:line 174
   at Orchard.Environment.DefaultOrchardHost.CreateAndActivateShells() in C:\Code\Github\Orchard\src\Orchard\Environment\DefaultOrchardHost.cs:line 134
2012-10-22 22:55:56,224 [11] NHibernate.AdoNet.AbstractBatcher - Could not execute query: SELECT this_.Id as Id8_0_, this_.SerialNumber as SerialNu2_8_0_ FROM Settings_ShellDescriptorRecord this_ WHERE 1=1
System.Data.SqlServerCe.SqlCeException (0x80004005): The specified table does not exist. [ Settings_ShellDescriptorRecord ]
   at System.Data.SqlServerCe.SqlCeCommand.ProcessResults(Int32 hr)
   at System.Data.SqlServerCe.SqlCeCommand.CompileQueryPlan()
   at System.Data.SqlServerCe.SqlCeCommand.ExecuteCommand(CommandBehavior behavior, String method, ResultSetOptions options)
   at System.Data.SqlServerCe.SqlCeCommand.ExecuteReader(CommandBehavior behavior)
   at System.Data.SqlServerCe.SqlCeCommand.ExecuteDbDataReader(CommandBehavior behavior)
   at System.Data.Common.DbCommand.System.Data.IDbCommand.ExecuteReader()
   at NHibernate.AdoNet.AbstractBatcher.ExecuteReader(IDbCommand cmd)
2012-10-22 22:55:56,247 [11] NHibernate.Util.ADOExceptionReporter - The specified table does not exist. [ Settings_ShellDescriptorRecord ]
2012-10-22 22:55:56,269 [11] NHibernate.Util.ADOExceptionReporter - The specified table does not exist. [ Settings_ShellDescriptorRecord ]
2012-10-22 22:55:56,317 [11] Orchard.Environment.DefaultOrchardHost - A tenant could not be started: Default
NHibernate.ADOException: could not execute query
[ SELECT this_.Id as Id8_0_, this_.SerialNumber as SerialNu2_8_0_ FROM Settings_ShellDescriptorRecord this_ WHERE 1=1 ]
[SQL: SELECT this_.Id as Id8_0_, this_.SerialNumber as SerialNu2_8_0_ FROM Settings_ShellDescriptorRecord this_ WHERE 1=1] ---> System.Data.SqlServerCe.SqlCeException: The specified table does not exist. [ Settings_ShellDescriptorRecord ]
   at System.Data.SqlServerCe.SqlCeCommand.ProcessResults(Int32 hr)
   at System.Data.SqlServerCe.SqlCeCommand.CompileQueryPlan()
   at System.Data.SqlServerCe.SqlCeCommand.ExecuteCommand(CommandBehavior behavior, String method, ResultSetOptions options)
   at System.Data.SqlServerCe.SqlCeCommand.ExecuteReader(CommandBehavior behavior)
   at System.Data.SqlServerCe.SqlCeCommand.ExecuteDbDataReader(CommandBehavior behavior)
   at System.Data.Common.DbCommand.System.Data.IDbCommand.ExecuteReader()
   at NHibernate.AdoNet.AbstractBatcher.ExecuteReader(IDbCommand cmd)
   at NHibernate.Loader.Loader.GetResultSet(IDbCommand st, Boolean autoDiscoverTypes, Boolean callable, RowSelection selection, ISessionImplementor session)
   at NHibernate.Loader.Loader.DoQuery(ISessionImplementor session, QueryParameters queryParameters, Boolean returnProxies)
   at NHibernate.Loader.Loader.DoQueryAndInitializeNonLazyCollections(ISessionImplementor session, QueryParameters queryParameters, Boolean returnProxies)
   at NHibernate.Loader.Loader.DoList(ISessionImplementor session, QueryParameters queryParameters)
   --- End of inner exception stack trace ---
   at NHibernate.Loader.Loader.DoList(ISessionImplementor session, QueryParameters queryParameters)
   at NHibernate.Loader.Loader.ListIgnoreQueryCache(ISessionImplementor session, QueryParameters queryParameters)
   at NHibernate.Loader.Loader.List(ISessionImplementor session, QueryParameters queryParameters, ISet`1 querySpaces, IType[] resultTypes)
   at NHibernate.Loader.Criteria.CriteriaLoader.List(ISessionImplementor session)
   at NHibernate.Impl.SessionImpl.List(CriteriaImpl criteria, IList results)
   at NHibernate.Impl.CriteriaImpl.List(IList results)
   at NHibernate.Impl.CriteriaImpl.List[T]()
   at NHibernate.Linq.Visitors.ImmediateResultsVisitor`1.GetElementList(MethodCallExpression call, Int32 count)
   at NHibernate.Linq.Visitors.ImmediateResultsVisitor`1.HandleSingleOrDefaultCall(MethodCallExpression call)
   at NHibernate.Linq.Visitors.ImmediateResultsVisitor`1.VisitMethodCall(MethodCallExpression call)
   at NHibernate.Linq.Visitors.ExpressionVisitor.Visit(Expression exp)
   at NHibernate.Linq.Visitors.NHibernateExpressionVisitor.Visit(Expression exp)
   at NHibernate.Linq.Visitors.ImmediateResultsVisitor`1.GetResults(MethodCallExpression expr)
   at NHibernate.Linq.Visitors.RootVisitor.HandleImmediateResultsCall(MethodCallExpression call)
   at NHibernate.Linq.Visitors.RootVisitor.VisitMethodCall(MethodCallExpression expr)
   at NHibernate.Linq.Visitors.ExpressionVisitor.Visit(Expression exp)
   at NHibernate.Linq.Visitors.NHibernateExpressionVisitor.Visit(Expression exp)
   at NHibernate.Linq.Visitors.NHibernateQueryTranslator.TranslateInternal(Expression expression)
   at NHibernate.Linq.Visitors.NHibernateQueryTranslator.Translate(Expression expression, QueryOptions queryOptions)
   at NHibernate.Linq.NHibernateQueryProvider.TranslateExpression(Expression expression)
   at NHibernate.Linq.NHibernateQueryProvider.Execute(Expression expression)
   at NHibernate.Linq.QueryProvider.System.Linq.IQueryProvider.Execute[T](Expression expression)
   at System.Linq.Queryable.SingleOrDefault[TSource](IQueryable`1 source)
   at Orchard.Data.Repository`1.Get(Expression`1 predicate) in C:\Code\Github\Orchard\src\Orchard\Data\Repository.cs:line 91
   at Orchard.Data.Repository`1.Orchard.Data.IRepository<T>.Get(Expression`1 predicate) in C:\Code\Github\Orchard\src\Orchard\Data\Repository.cs:line 60
   at Orchard.Core.Settings.Descriptor.ShellDescriptorManager.GetDescriptorRecord() in C:\Code\Github\Orchard\src\Orchard.Web\Core\Settings\Descriptor\ShellDescriptorManager.cs:line 57
   at Orchard.Core.Settings.Descriptor.ShellDescriptorManager.GetShellDescriptor() in C:\Code\Github\Orchard\src\Orchard.Web\Core\Settings\Descriptor\ShellDescriptorManager.cs:line 30
   at Orchard.Environment.ShellBuilders.ShellContextFactory.CreateShellContext(ShellSettings settings) in C:\Code\Github\Orchard\src\Orchard\Environment\ShellBuilders\ShellContextFactory.cs:line 66
   at Orchard.Environment.DefaultOrchardHost.CreateShellContext(ShellSettings settings) in C:\Code\Github\Orchard\src\Orchard\Environment\DefaultOrchardHost.cs:line 174
   at Orchard.Environment.DefaultOrchardHost.CreateAndActivateShells() in C:\Code\Github\Orchard\src\Orchard\Environment\DefaultOrchardHost.cs:line 134
2012-10-22 22:57:28,661 [15] NHibernate.AdoNet.AbstractBatcher - Could not execute query: SELECT this_.Id as Id8_0_, this_.SerialNumber as SerialNu2_8_0_ FROM Settings_ShellDescriptorRecord this_ WHERE 1=1
System.Data.SqlServerCe.SqlCeException (0x80004005): The specified table does not exist. [ Settings_ShellDescriptorRecord ]
   at System.Data.SqlServerCe.SqlCeCommand.ProcessResults(Int32 hr)
   at System.Data.SqlServerCe.SqlCeCommand.CompileQueryPlan()
   at System.Data.SqlServerCe.SqlCeCommand.ExecuteCommand(CommandBehavior behavior, String method, ResultSetOptions options)
   at System.Data.SqlServerCe.SqlCeCommand.ExecuteReader(CommandBehavior behavior)
   at System.Data.SqlServerCe.SqlCeCommand.ExecuteDbDataReader(CommandBehavior behavior)
   at System.Data.Common.DbCommand.System.Data.IDbCommand.ExecuteReader()
   at NHibernate.AdoNet.AbstractBatcher.ExecuteReader(IDbCommand cmd)
2012-10-22 22:57:28,684 [15] NHibernate.Util.ADOExceptionReporter - The specified table does not exist. [ Settings_ShellDescriptorRecord ]
2012-10-22 22:57:28,706 [15] NHibernate.Util.ADOExceptionReporter - The specified table does not exist. [ Settings_ShellDescriptorRecord ]
2012-10-22 22:57:28,755 [15] Orchard.Environment.DefaultOrchardHost - A tenant could not be started: Default
NHibernate.ADOException: could not execute query
[ SELECT this_.Id as Id8_0_, this_.SerialNumber as SerialNu2_8_0_ FROM Settings_ShellDescriptorRecord this_ WHERE 1=1 ]
[SQL: SELECT this_.Id as Id8_0_, this_.SerialNumber as SerialNu2_8_0_ FROM Settings_ShellDescriptorRecord this_ WHERE 1=1] ---> System.Data.SqlServerCe.SqlCeException: The specified table does not exist. [ Settings_ShellDescriptorRecord ]
   at System.Data.SqlServerCe.SqlCeCommand.ProcessResults(Int32 hr)
   at System.Data.SqlServerCe.SqlCeCommand.CompileQueryPlan()
   at System.Data.SqlServerCe.SqlCeCommand.ExecuteCommand(CommandBehavior behavior, String method, ResultSetOptions options)
   at System.Data.SqlServerCe.SqlCeCommand.ExecuteReader(CommandBehavior behavior)
   at System.Data.SqlServerCe.SqlCeCommand.ExecuteDbDataReader(CommandBehavior behavior)
   at System.Data.Common.DbCommand.System.Data.IDbCommand.ExecuteReader()
   at NHibernate.AdoNet.AbstractBatcher.ExecuteReader(IDbCommand cmd)
   at NHibernate.Loader.Loader.GetResultSet(IDbCommand st, Boolean autoDiscoverTypes, Boolean callable, RowSelection selection, ISessionImplementor session)
   at NHibernate.Loader.Loader.DoQuery(ISessionImplementor session, QueryParameters queryParameters, Boolean returnProxies)
   at NHibernate.Loader.Loader.DoQueryAndInitializeNonLazyCollections(ISessionImplementor session, QueryParameters queryParameters, Boolean returnProxies)
   at NHibernate.Loader.Loader.DoList(ISessionImplementor session, QueryParameters queryParameters)
   --- End of inner exception stack trace ---
   at NHibernate.Loader.Loader.DoList(ISessionImplementor session, QueryParameters queryParameters)
   at NHibernate.Loader.Loader.ListIgnoreQueryCache(ISessionImplementor session, QueryParameters queryParameters)
   at NHibernate.Loader.Loader.List(ISessionImplementor session, QueryParameters queryParameters, ISet`1 querySpaces, IType[] resultTypes)
   at NHibernate.Loader.Criteria.CriteriaLoader.List(ISessionImplementor session)
   at NHibernate.Impl.SessionImpl.List(CriteriaImpl criteria, IList results)
   at NHibernate.Impl.CriteriaImpl.List(IList results)
   at NHibernate.Impl.CriteriaImpl.List[T]()
   at NHibernate.Linq.Visitors.ImmediateResultsVisitor`1.GetElementList(MethodCallExpression call, Int32 count)
   at NHibernate.Linq.Visitors.ImmediateResultsVisitor`1.HandleSingleOrDefaultCall(MethodCallExpression call)
   at NHibernate.Linq.Visitors.ImmediateResultsVisitor`1.VisitMethodCall(MethodCallExpression call)
   at NHibernate.Linq.Visitors.ExpressionVisitor.Visit(Expression exp)
   at NHibernate.Linq.Visitors.NHibernateExpressionVisitor.Visit(Expression exp)
   at NHibernate.Linq.Visitors.ImmediateResultsVisitor`1.GetResults(MethodCallExpression expr)
   at NHibernate.Linq.Visitors.RootVisitor.HandleImmediateResultsCall(MethodCallExpression call)
   at NHibernate.Linq.Visitors.RootVisitor.VisitMethodCall(MethodCallExpression expr)
   at NHibernate.Linq.Visitors.ExpressionVisitor.Visit(Expression exp)
   at NHibernate.Linq.Visitors.NHibernateExpressionVisitor.Visit(Expression exp)
   at NHibernate.Linq.Visitors.NHibernateQueryTranslator.TranslateInternal(Expression expression)
   at NHibernate.Linq.Visitors.NHibernateQueryTranslator.Translate(Expression expression, QueryOptions queryOptions)
   at NHibernate.Linq.NHibernateQueryProvider.TranslateExpression(Expression expression)
   at NHibernate.Linq.NHibernateQueryProvider.Execute(Expression expression)
   at NHibernate.Linq.QueryProvider.System.Linq.IQueryProvider.Execute[T](Expression expression)
   at System.Linq.Queryable.SingleOrDefault[TSource](IQueryable`1 source)
   at Orchard.Data.Repository`1.Get(Expression`1 predicate) in C:\Code\Github\Orchard\src\Orchard\Data\Repository.cs:line 91
   at Orchard.Data.Repository`1.Orchard.Data.IRepository<T>.Get(Expression`1 predicate) in C:\Code\Github\Orchard\src\Orchard\Data\Repository.cs:line 60
   at Orchard.Core.Settings.Descriptor.ShellDescriptorManager.GetDescriptorRecord() in C:\Code\Github\Orchard\src\Orchard.Web\Core\Settings\Descriptor\ShellDescriptorManager.cs:line 57
   at Orchard.Core.Settings.Descriptor.ShellDescriptorManager.GetShellDescriptor() in C:\Code\Github\Orchard\src\Orchard.Web\Core\Settings\Descriptor\ShellDescriptorManager.cs:line 30
   at Orchard.Environment.ShellBuilders.ShellContextFactory.CreateShellContext(ShellSettings settings) in C:\Code\Github\Orchard\src\Orchard\Environment\ShellBuilders\ShellContextFactory.cs:line 66
   at Orchard.Environment.DefaultOrchardHost.CreateShellContext(ShellSettings settings) in C:\Code\Github\Orchard\src\Orchard\Environment\DefaultOrchardHost.cs:line 174
   at Orchard.Environment.DefaultOrchardHost.CreateAndActivateShells() in C:\Code\Github\Orchard\src\Orchard\Environment\DefaultOrchardHost.cs:line 134
2012-10-22 23:03:11,635 [18] NHibernate.AdoNet.AbstractBatcher - Could not execute query: SELECT this_.Id as Id8_0_, this_.SerialNumber as SerialNu2_8_0_ FROM Settings_ShellDescriptorRecord this_ WHERE 1=1
System.Data.SqlServerCe.SqlCeException (0x80004005): The specified table does not exist. [ Settings_ShellDescriptorRecord ]
   at System.Data.SqlServerCe.SqlCeCommand.ProcessResults(Int32 hr)
   at System.Data.SqlServerCe.SqlCeCommand.CompileQueryPlan()
   at System.Data.SqlServerCe.SqlCeCommand.ExecuteCommand(CommandBehavior behavior, String method, ResultSetOptions options)
   at System.Data.SqlServerCe.SqlCeCommand.ExecuteReader(CommandBehavior behavior)
   at System.Data.SqlServerCe.SqlCeCommand.ExecuteDbDataReader(CommandBehavior behavior)
   at System.Data.Common.DbCommand.System.Data.IDbCommand.ExecuteReader()
   at NHibernate.AdoNet.AbstractBatcher.ExecuteReader(IDbCommand cmd)
2012-10-22 23:03:11,658 [18] NHibernate.Util.ADOExceptionReporter - The specified table does not exist. [ Settings_ShellDescriptorRecord ]
2012-10-22 23:03:11,681 [18] NHibernate.Util.ADOExceptionReporter - The specified table does not exist. [ Settings_ShellDescriptorRecord ]
2012-10-22 23:03:11,731 [18] Orchard.Environment.DefaultOrchardHost - A tenant could not be started: Default
NHibernate.ADOException: could not execute query
[ SELECT this_.Id as Id8_0_, this_.SerialNumber as SerialNu2_8_0_ FROM Settings_ShellDescriptorRecord this_ WHERE 1=1 ]
[SQL: SELECT this_.Id as Id8_0_, this_.SerialNumber as SerialNu2_8_0_ FROM Settings_ShellDescriptorRecord this_ WHERE 1=1] ---> System.Data.SqlServerCe.SqlCeException: The specified table does not exist. [ Settings_ShellDescriptorRecord ]
   at System.Data.SqlServerCe.SqlCeCommand.ProcessResults(Int32 hr)
   at System.Data.SqlServerCe.SqlCeCommand.CompileQueryPlan()
   at System.Data.SqlServerCe.SqlCeCommand.ExecuteCommand(CommandBehavior behavior, String method, ResultSetOptions options)
   at System.Data.SqlServerCe.SqlCeCommand.ExecuteReader(CommandBehavior behavior)
   at System.Data.SqlServerCe.SqlCeCommand.ExecuteDbDataReader(CommandBehavior behavior)
   at System.Data.Common.DbCommand.System.Data.IDbCommand.ExecuteReader()
   at NHibernate.AdoNet.AbstractBatcher.ExecuteReader(IDbCommand cmd)
   at NHibernate.Loader.Loader.GetResultSet(IDbCommand st, Boolean autoDiscoverTypes, Boolean callable, RowSelection selection, ISessionImplementor session)
   at NHibernate.Loader.Loader.DoQuery(ISessionImplementor session, QueryParameters queryParameters, Boolean returnProxies)
   at NHibernate.Loader.Loader.DoQueryAndInitializeNonLazyCollections(ISessionImplementor session, QueryParameters queryParameters, Boolean returnProxies)
   at NHibernate.Loader.Loader.DoList(ISessionImplementor session, QueryParameters queryParameters)
   --- End of inner exception stack trace ---
   at NHibernate.Loader.Loader.DoList(ISessionImplementor session, QueryParameters queryParameters)
   at NHibernate.Loader.Loader.ListIgnoreQueryCache(ISessionImplementor session, QueryParameters queryParameters)
   at NHibernate.Loader.Loader.List(ISessionImplementor session, QueryParameters queryParameters, ISet`1 querySpaces, IType[] resultTypes)
   at NHibernate.Loader.Criteria.CriteriaLoader.List(ISessionImplementor session)
   at NHibernate.Impl.SessionImpl.List(CriteriaImpl criteria, IList results)
   at NHibernate.Impl.CriteriaImpl.List(IList results)
   at NHibernate.Impl.CriteriaImpl.List[T]()
   at NHibernate.Linq.Visitors.ImmediateResultsVisitor`1.GetElementList(MethodCallExpression call, Int32 count)
   at NHibernate.Linq.Visitors.ImmediateResultsVisitor`1.HandleSingleOrDefaultCall(MethodCallExpression call)
   at NHibernate.Linq.Visitors.ImmediateResultsVisitor`1.VisitMethodCall(MethodCallExpression call)
   at NHibernate.Linq.Visitors.ExpressionVisitor.Visit(Expression exp)
   at NHibernate.Linq.Visitors.NHibernateExpressionVisitor.Visit(Expression exp)
   at NHibernate.Linq.Visitors.ImmediateResultsVisitor`1.GetResults(MethodCallExpression expr)
   at NHibernate.Linq.Visitors.RootVisitor.HandleImmediateResultsCall(MethodCallExpression call)
   at NHibernate.Linq.Visitors.RootVisitor.VisitMethodCall(MethodCallExpression expr)
   at NHibernate.Linq.Visitors.ExpressionVisitor.Visit(Expression exp)
   at NHibernate.Linq.Visitors.NHibernateExpressionVisitor.Visit(Expression exp)
   at NHibernate.Linq.Visitors.NHibernateQueryTranslator.TranslateInternal(Expression expression)
   at NHibernate.Linq.Visitors.NHibernateQueryTranslator.Translate(Expression expression, QueryOptions queryOptions)
   at NHibernate.Linq.NHibernateQueryProvider.TranslateExpression(Expression expression)
   at NHibernate.Linq.NHibernateQueryProvider.Execute(Expression expression)
   at NHibernate.Linq.QueryProvider.System.Linq.IQueryProvider.Execute[T](Expression expression)
   at System.Linq.Queryable.SingleOrDefault[TSource](IQueryable`1 source)
   at Orchard.Data.Repository`1.Get(Expression`1 predicate) in C:\Code\Github\Orchard\src\Orchard\Data\Repository.cs:line 91
   at Orchard.Data.Repository`1.Orchard.Data.IRepository<T>.Get(Expression`1 predicate) in C:\Code\Github\Orchard\src\Orchard\Data\Repository.cs:line 60
   at Orchard.Core.Settings.Descriptor.ShellDescriptorManager.GetDescriptorRecord() in C:\Code\Github\Orchard\src\Orchard.Web\Core\Settings\Descriptor\ShellDescriptorManager.cs:line 57
   at Orchard.Core.Settings.Descriptor.ShellDescriptorManager.GetShellDescriptor() in C:\Code\Github\Orchard\src\Orchard.Web\Core\Settings\Descriptor\ShellDescriptorManager.cs:line 30
   at Orchard.Environment.ShellBuilders.ShellContextFactory.CreateShellContext(ShellSettings settings) in C:\Code\Github\Orchard\src\Orchard\Environment\ShellBuilders\ShellContextFactory.cs:line 66
   at Orchard.Environment.DefaultOrchardHost.CreateShellContext(ShellSettings settings) in C:\Code\Github\Orchard\src\Orchard\Environment\DefaultOrchardHost.cs:line 174
   at Orchard.Environment.DefaultOrchardHost.CreateAndActivateShells() in C:\Code\Github\Orchard\src\Orchard\Environment\DefaultOrchardHost.cs:line 134
2012-10-22 23:04:18,897 [7] NHibernate.AdoNet.AbstractBatcher - Could not execute query: SELECT this_.Id as Id8_0_, this_.SerialNumber as SerialNu2_8_0_ FROM Settings_ShellDescriptorRecord this_ WHERE 1=1
System.Data.SqlServerCe.SqlCeException (0x80004005): The specified table does not exist. [ Settings_ShellDescriptorRecord ]
   at System.Data.SqlServerCe.SqlCeCommand.ProcessResults(Int32 hr)
   at System.Data.SqlServerCe.SqlCeCommand.CompileQueryPlan()
   at System.Data.SqlServerCe.SqlCeCommand.ExecuteCommand(CommandBehavior behavior, String method, ResultSetOptions options)
   at System.Data.SqlServerCe.SqlCeCommand.ExecuteReader(CommandBehavior behavior)
   at System.Data.SqlServerCe.SqlCeCommand.ExecuteDbDataReader(CommandBehavior behavior)
   at System.Data.Common.DbCommand.System.Data.IDbCommand.ExecuteReader()
   at NHibernate.AdoNet.AbstractBatcher.ExecuteReader(IDbCommand cmd)
2012-10-22 23:04:18,928 [7] NHibernate.Util.ADOExceptionReporter - The specified table does not exist. [ Settings_ShellDescriptorRecord ]
2012-10-22 23:04:18,949 [7] NHibernate.Util.ADOExceptionReporter - The specified table does not exist. [ Settings_ShellDescriptorRecord ]
2012-10-22 23:04:18,999 [7] Orchard.Environment.DefaultOrchardHost - A tenant could not be started: Default
NHibernate.ADOException: could not execute query
[ SELECT this_.Id as Id8_0_, this_.SerialNumber as SerialNu2_8_0_ FROM Settings_ShellDescriptorRecord this_ WHERE 1=1 ]
[SQL: SELECT this_.Id as Id8_0_, this_.SerialNumber as SerialNu2_8_0_ FROM Settings_ShellDescriptorRecord this_ WHERE 1=1] ---> System.Data.SqlServerCe.SqlCeException: The specified table does not exist. [ Settings_ShellDescriptorRecord ]
   at System.Data.SqlServerCe.SqlCeCommand.ProcessResults(Int32 hr)
   at System.Data.SqlServerCe.SqlCeCommand.CompileQueryPlan()
   at System.Data.SqlServerCe.SqlCeCommand.ExecuteCommand(CommandBehavior behavior, String method, ResultSetOptions options)
   at System.Data.SqlServerCe.SqlCeCommand.ExecuteReader(CommandBehavior behavior)
   at System.Data.SqlServerCe.SqlCeCommand.ExecuteDbDataReader(CommandBehavior behavior)
   at System.Data.Common.DbCommand.System.Data.IDbCommand.ExecuteReader()
   at NHibernate.AdoNet.AbstractBatcher.ExecuteReader(IDbCommand cmd)
   at NHibernate.Loader.Loader.GetResultSet(IDbCommand st, Boolean autoDiscoverTypes, Boolean callable, RowSelection selection, ISessionImplementor session)
   at NHibernate.Loader.Loader.DoQuery(ISessionImplementor session, QueryParameters queryParameters, Boolean returnProxies)
   at NHibernate.Loader.Loader.DoQueryAndInitializeNonLazyCollections(ISessionImplementor session, QueryParameters queryParameters, Boolean returnProxies)
   at NHibernate.Loader.Loader.DoList(ISessionImplementor session, QueryParameters queryParameters)
   --- End of inner exception stack trace ---
   at NHibernate.Loader.Loader.DoList(ISessionImplementor session, QueryParameters queryParameters)
   at NHibernate.Loader.Loader.ListIgnoreQueryCache(ISessionImplementor session, QueryParameters queryParameters)
   at NHibernate.Loader.Loader.List(ISessionImplementor session, QueryParameters queryParameters, ISet`1 querySpaces, IType[] resultTypes)
   at NHibernate.Loader.Criteria.CriteriaLoader.List(ISessionImplementor session)
   at NHibernate.Impl.SessionImpl.List(CriteriaImpl criteria, IList results)
   at NHibernate.Impl.CriteriaImpl.List(IList results)
   at NHibernate.Impl.CriteriaImpl.List[T]()
   at NHibernate.Linq.Visitors.ImmediateResultsVisitor`1.GetElementList(MethodCallExpression call, Int32 count)
   at NHibernate.Linq.Visitors.ImmediateResultsVisitor`1.HandleSingleOrDefaultCall(MethodCallExpression call)
   at NHibernate.Linq.Visitors.ImmediateResultsVisitor`1.VisitMethodCall(MethodCallExpression call)
   at NHibernate.Linq.Visitors.ExpressionVisitor.Visit(Expression exp)
   at NHibernate.Linq.Visitors.NHibernateExpressionVisitor.Visit(Expression exp)
   at NHibernate.Linq.Visitors.ImmediateResultsVisitor`1.GetResults(MethodCallExpression expr)
   at NHibernate.Linq.Visitors.RootVisitor.HandleImmediateResultsCall(MethodCallExpression call)
   at NHibernate.Linq.Visitors.RootVisitor.VisitMethodCall(MethodCallExpression expr)
   at NHibernate.Linq.Visitors.ExpressionVisitor.Visit(Expression exp)
   at NHibernate.Linq.Visitors.NHibernateExpressionVisitor.Visit(Expression exp)
   at NHibernate.Linq.Visitors.NHibernateQueryTranslator.TranslateInternal(Expression expression)
   at NHibernate.Linq.Visitors.NHibernateQueryTranslator.Translate(Expression expression, QueryOptions queryOptions)
   at NHibernate.Linq.NHibernateQueryProvider.TranslateExpression(Expression expression)
   at NHibernate.Linq.NHibernateQueryProvider.Execute(Expression expression)
   at NHibernate.Linq.QueryProvider.System.Linq.IQueryProvider.Execute[T](Expression expression)
   at System.Linq.Queryable.SingleOrDefault[TSource](IQueryable`1 source)
   at Orchard.Data.Repository`1.Get(Expression`1 predicate) in C:\Code\Github\Orchard\src\Orchard\Data\Repository.cs:line 91
   at Orchard.Data.Repository`1.Orchard.Data.IRepository<T>.Get(Expression`1 predicate) in C:\Code\Github\Orchard\src\Orchard\Data\Repository.cs:line 60
   at Orchard.Core.Settings.Descriptor.ShellDescriptorManager.GetDescriptorRecord() in C:\Code\Github\Orchard\src\Orchard.Web\Core\Settings\Descriptor\ShellDescriptorManager.cs:line 57
   at Orchard.Core.Settings.Descriptor.ShellDescriptorManager.GetShellDescriptor() in C:\Code\Github\Orchard\src\Orchard.Web\Core\Settings\Descriptor\ShellDescriptorManager.cs:line 30
   at Orchard.Environment.ShellBuilders.ShellContextFactory.CreateShellContext(ShellSettings settings) in C:\Code\Github\Orchard\src\Orchard\Environment\ShellBuilders\ShellContextFactory.cs:line 66
   at Orchard.Environment.DefaultOrchardHost.CreateShellContext(ShellSettings settings) in C:\Code\Github\Orchard\src\Orchard\Environment\DefaultOrchardHost.cs:line 174
   at Orchard.Environment.DefaultOrchardHost.CreateAndActivateShells() in C:\Code\Github\Orchard\src\Orchard\Environment\DefaultOrchardHost.cs:line 134
2012-10-22 23:04:19,495 [7] NHibernate.AdoNet.AbstractBatcher - Could not execute query: SELECT this_.Id as Id8_0_, this_.SerialNumber as SerialNu2_8_0_ FROM Settings_ShellDescriptorRecord this_ WHERE 1=1
System.Data.SqlServerCe.SqlCeException (0x80004005): The specified table does not exist. [ Settings_ShellDescriptorRecord ]
   at System.Data.SqlServerCe.SqlCeCommand.ProcessResults(Int32 hr)
   at System.Data.SqlServerCe.SqlCeCommand.CompileQueryPlan()
   at System.Data.SqlServerCe.SqlCeCommand.ExecuteCommand(CommandBehavior behavior, String method, ResultSetOptions options)
   at System.Data.SqlServerCe.SqlCeCommand.ExecuteReader(CommandBehavior behavior)
   at System.Data.SqlServerCe.SqlCeCommand.ExecuteDbDataReader(CommandBehavior behavior)
   at System.Data.Common.DbCommand.System.Data.IDbCommand.ExecuteReader()
   at NHibernate.AdoNet.AbstractBatcher.ExecuteReader(IDbCommand cmd)
2012-10-22 23:04:19,515 [7] NHibernate.Util.ADOExceptionReporter - The specified table does not exist. [ Settings_ShellDescriptorRecord ]
2012-10-22 23:04:19,533 [7] NHibernate.Util.ADOExceptionReporter - The specified table does not exist. [ Settings_ShellDescriptorRecord ]
2012-10-22 23:04:19,601 [7] Orchard.Environment.DefaultOrchardHost - A tenant could not be started: Default
NHibernate.ADOException: could not execute query
[ SELECT this_.Id as Id8_0_, this_.SerialNumber as SerialNu2_8_0_ FROM Settings_ShellDescriptorRecord this_ WHERE 1=1 ]
[SQL: SELECT this_.Id as Id8_0_, this_.SerialNumber as SerialNu2_8_0_ FROM Settings_ShellDescriptorRecord this_ WHERE 1=1] ---> System.Data.SqlServerCe.SqlCeException: The specified table does not exist. [ Settings_ShellDescriptorRecord ]
   at System.Data.SqlServerCe.SqlCeCommand.ProcessResults(Int32 hr)
   at System.Data.SqlServerCe.SqlCeCommand.CompileQueryPlan()
   at System.Data.SqlServerCe.SqlCeCommand.ExecuteCommand(CommandBehavior behavior, String method, ResultSetOptions options)
   at System.Data.SqlServerCe.SqlCeCommand.ExecuteReader(CommandBehavior behavior)
   at System.Data.SqlServerCe.SqlCeCommand.ExecuteDbDataReader(CommandBehavior behavior)
   at System.Data.Common.DbCommand.System.Data.IDbCommand.ExecuteReader()
   at NHibernate.AdoNet.AbstractBatcher.ExecuteReader(IDbCommand cmd)
   at NHibernate.Loader.Loader.GetResultSet(IDbCommand st, Boolean autoDiscoverTypes, Boolean callable, RowSelection selection, ISessionImplementor session)
   at NHibernate.Loader.Loader.DoQuery(ISessionImplementor session, QueryParameters queryParameters, Boolean returnProxies)
   at NHibernate.Loader.Loader.DoQueryAndInitializeNonLazyCollections(ISessionImplementor session, QueryParameters queryParameters, Boolean returnProxies)
   at NHibernate.Loader.Loader.DoList(ISessionImplementor session, QueryParameters queryParameters)
   --- End of inner exception stack trace ---
   at NHibernate.Loader.Loader.DoList(ISessionImplementor session, QueryParameters queryParameters)
   at NHibernate.Loader.Loader.ListIgnoreQueryCache(ISessionImplementor session, QueryParameters queryParameters)
   at NHibernate.Loader.Loader.List(ISessionImplementor session, QueryParameters queryParameters, ISet`1 querySpaces, IType[] resultTypes)
   at NHibernate.Loader.Criteria.CriteriaLoader.List(ISessionImplementor session)
   at NHibernate.Impl.SessionImpl.List(CriteriaImpl criteria, IList results)
   at NHibernate.Impl.CriteriaImpl.List(IList results)
   at NHibernate.Impl.CriteriaImpl.List[T]()
   at NHibernate.Linq.Visitors.ImmediateResultsVisitor`1.GetElementList(MethodCallExpression call, Int32 count)
   at NHibernate.Linq.Visitors.ImmediateResultsVisitor`1.HandleSingleOrDefaultCall(MethodCallExpression call)
   at NHibernate.Linq.Visitors.ImmediateResultsVisitor`1.VisitMethodCall(MethodCallExpression call)
   at NHibernate.Linq.Visitors.ExpressionVisitor.Visit(Expression exp)
   at NHibernate.Linq.Visitors.NHibernateExpressionVisitor.Visit(Expression exp)
   at NHibernate.Linq.Visitors.ImmediateResultsVisitor`1.GetResults(MethodCallExpression expr)
   at NHibernate.Linq.Visitors.RootVisitor.HandleImmediateResultsCall(MethodCallExpression call)
   at NHibernate.Linq.Visitors.RootVisitor.VisitMethodCall(MethodCallExpression expr)
   at NHibernate.Linq.Visitors.ExpressionVisitor.Visit(Expression exp)
   at NHibernate.Linq.Visitors.NHibernateExpressionVisitor.Visit(Expression exp)
   at NHibernate.Linq.Visitors.NHibernateQueryTranslator.TranslateInternal(Expression expression)
   at NHibernate.Linq.Visitors.NHibernateQueryTranslator.Translate(Expression expression, QueryOptions queryOptions)
   at NHibernate.Linq.NHibernateQueryProvider.TranslateExpression(Expression expression)
   at NHibernate.Linq.NHibernateQueryProvider.Execute(Expression expression)
   at NHibernate.Linq.QueryProvider.System.Linq.IQueryProvider.Execute[T](Expression expression)
   at System.Linq.Queryable.SingleOrDefault[TSource](IQueryable`1 source)
   at Orchard.Data.Repository`1.Get(Expression`1 predicate) in C:\Code\Github\Orchard\src\Orchard\Data\Repository.cs:line 91
   at Orchard.Data.Repository`1.Orchard.Data.IRepository<T>.Get(Expression`1 predicate) in C:\Code\Github\Orchard\src\Orchard\Data\Repository.cs:line 60
   at Orchard.Core.Settings.Descriptor.ShellDescriptorManager.GetDescriptorRecord() in C:\Code\Github\Orchard\src\Orchard.Web\Core\Settings\Descriptor\ShellDescriptorManager.cs:line 57
   at Orchard.Core.Settings.Descriptor.ShellDescriptorManager.GetShellDescriptor() in C:\Code\Github\Orchard\src\Orchard.Web\Core\Settings\Descriptor\ShellDescriptorManager.cs:line 30
   at Orchard.Environment.ShellBuilders.ShellContextFactory.CreateShellContext(ShellSettings settings) in C:\Code\Github\Orchard\src\Orchard\Environment\ShellBuilders\ShellContextFactory.cs:line 66
   at Orchard.Environment.DefaultOrchardHost.CreateShellContext(ShellSettings settings) in C:\Code\Github\Orchard\src\Orchard\Environment\DefaultOrchardHost.cs:line 174
   at Orchard.Environment.DefaultOrchardHost.CreateAndActivateShells() in C:\Code\Github\Orchard\src\Orchard\Environment\DefaultOrchardHost.cs:line 134
2012-10-22 23:04:20,113 [10] NHibernate.AdoNet.AbstractBatcher - Could not execute query: SELECT this_.Id as Id8_0_, this_.SerialNumber as SerialNu2_8_0_ FROM Settings_ShellDescriptorRecord this_ WHERE 1=1
System.Data.SqlServerCe.SqlCeException (0x80004005): The specified table does not exist. [ Settings_ShellDescriptorRecord ]
   at System.Data.SqlServerCe.SqlCeCommand.ProcessResults(Int32 hr)
   at System.Data.SqlServerCe.SqlCeCommand.CompileQueryPlan()
   at System.Data.SqlServerCe.SqlCeCommand.ExecuteCommand(CommandBehavior behavior, String method, ResultSetOptions options)
   at System.Data.SqlServerCe.SqlCeCommand.ExecuteReader(CommandBehavior behavior)
   at System.Data.SqlServerCe.SqlCeCommand.ExecuteDbDataReader(CommandBehavior behavior)
   at System.Data.Common.DbCommand.System.Data.IDbCommand.ExecuteReader()
   at NHibernate.AdoNet.AbstractBatcher.ExecuteReader(IDbCommand cmd)
2012-10-22 23:04:20,133 [10] NHibernate.Util.ADOExceptionReporter - The specified table does not exist. [ Settings_ShellDescriptorRecord ]
2012-10-22 23:04:20,153 [10] NHibernate.Util.ADOExceptionReporter - The specified table does not exist. [ Settings_ShellDescriptorRecord ]
2012-10-22 23:04:20,196 [10] Orchard.Environment.DefaultOrchardHost - A tenant could not be started: Default
NHibernate.ADOException: could not execute query
[ SELECT this_.Id as Id8_0_, this_.SerialNumber as SerialNu2_8_0_ FROM Settings_ShellDescriptorRecord this_ WHERE 1=1 ]
[SQL: SELECT this_.Id as Id8_0_, this_.SerialNumber as SerialNu2_8_0_ FROM Settings_ShellDescriptorRecord this_ WHERE 1=1] ---> System.Data.SqlServerCe.SqlCeException: The specified table does not exist. [ Settings_ShellDescriptorRecord ]
   at System.Data.SqlServerCe.SqlCeCommand.ProcessResults(Int32 hr)
   at System.Data.SqlServerCe.SqlCeCommand.CompileQueryPlan()
   at System.Data.SqlServerCe.SqlCeCommand.ExecuteCommand(CommandBehavior behavior, String method, ResultSetOptions options)
   at System.Data.SqlServerCe.SqlCeCommand.ExecuteReader(CommandBehavior behavior)
   at System.Data.SqlServerCe.SqlCeCommand.ExecuteDbDataReader(CommandBehavior behavior)
   at System.Data.Common.DbCommand.System.Data.IDbCommand.ExecuteReader()
   at NHibernate.AdoNet.AbstractBatcher.ExecuteReader(IDbCommand cmd)
   at NHibernate.Loader.Loader.GetResultSet(IDbCommand st, Boolean autoDiscoverTypes, Boolean callable, RowSelection selection, ISessionImplementor session)
   at NHibernate.Loader.Loader.DoQuery(ISessionImplementor session, QueryParameters queryParameters, Boolean returnProxies)
   at NHibernate.Loader.Loader.DoQueryAndInitializeNonLazyCollections(ISessionImplementor session, QueryParameters queryParameters, Boolean returnProxies)
   at NHibernate.Loader.Loader.DoList(ISessionImplementor session, QueryParameters queryParameters)
   --- End of inner exception stack trace ---
   at NHibernate.Loader.Loader.DoList(ISessionImplementor session, QueryParameters queryParameters)
   at NHibernate.Loader.Loader.ListIgnoreQueryCache(ISessionImplementor session, QueryParameters queryParameters)
   at NHibernate.Loader.Loader.List(ISessionImplementor session, QueryParameters queryParameters, ISet`1 querySpaces, IType[] resultTypes)
   at NHibernate.Loader.Criteria.CriteriaLoader.List(ISessionImplementor session)
   at NHibernate.Impl.SessionImpl.List(CriteriaImpl criteria, IList results)
   at NHibernate.Impl.CriteriaImpl.List(IList results)
   at NHibernate.Impl.CriteriaImpl.List[T]()
   at NHibernate.Linq.Visitors.ImmediateResultsVisitor`1.GetElementList(MethodCallExpression call, Int32 count)
   at NHibernate.Linq.Visitors.ImmediateResultsVisitor`1.HandleSingleOrDefaultCall(MethodCallExpression call)
   at NHibernate.Linq.Visitors.ImmediateResultsVisitor`1.VisitMethodCall(MethodCallExpression call)
   at NHibernate.Linq.Visitors.ExpressionVisitor.Visit(Expression exp)
   at NHibernate.Linq.Visitors.NHibernateExpressionVisitor.Visit(Expression exp)
   at NHibernate.Linq.Visitors.ImmediateResultsVisitor`1.GetResults(MethodCallExpression expr)
   at NHibernate.Linq.Visitors.RootVisitor.HandleImmediateResultsCall(MethodCallExpression call)
   at NHibernate.Linq.Visitors.RootVisitor.VisitMethodCall(MethodCallExpression expr)
   at NHibernate.Linq.Visitors.ExpressionVisitor.Visit(Expression exp)
   at NHibernate.Linq.Visitors.NHibernateExpressionVisitor.Visit(Expression exp)
   at NHibernate.Linq.Visitors.NHibernateQueryTranslator.TranslateInternal(Expression expression)
   at NHibernate.Linq.Visitors.NHibernateQueryTranslator.Translate(Expression expression, QueryOptions queryOptions)
   at NHibernate.Linq.NHibernateQueryProvider.TranslateExpression(Expression expression)
   at NHibernate.Linq.NHibernateQueryProvider.Execute(Expression expression)
   at NHibernate.Linq.QueryProvider.System.Linq.IQueryProvider.Execute[T](Expression expression)
   at System.Linq.Queryable.SingleOrDefault[TSource](IQueryable`1 source)
   at Orchard.Data.Repository`1.Get(Expression`1 predicate) in C:\Code\Github\Orchard\src\Orchard\Data\Repository.cs:line 91
   at Orchard.Data.Repository`1.Orchard.Data.IRepository<T>.Get(Expression`1 predicate) in C:\Code\Github\Orchard\src\Orchard\Data\Repository.cs:line 60
   at Orchard.Core.Settings.Descriptor.ShellDescriptorManager.GetDescriptorRecord() in C:\Code\Github\Orchard\src\Orchard.Web\Core\Settings\Descriptor\ShellDescriptorManager.cs:line 57
   at Orchard.Core.Settings.Descriptor.ShellDescriptorManager.GetShellDescriptor() in C:\Code\Github\Orchard\src\Orchard.Web\Core\Settings\Descriptor\ShellDescriptorManager.cs:line 30
   at Orchard.Environment.ShellBuilders.ShellContextFactory.CreateShellContext(ShellSettings settings) in C:\Code\Github\Orchard\src\Orchard\Environment\ShellBuilders\ShellContextFactory.cs:line 66
   at Orchard.Environment.DefaultOrchardHost.CreateShellContext(ShellSettings settings) in C:\Code\Github\Orchard\src\Orchard\Environment\DefaultOrchardHost.cs:line 174
   at Orchard.Environment.DefaultOrchardHost.CreateAndActivateShells() in C:\Code\Github\Orchard\src\Orchard\Environment\DefaultOrchardHost.cs:line 134
2012-10-22 23:04:20,830 [9] NHibernate.AdoNet.AbstractBatcher - Could not execute query: SELECT this_.Id as Id8_0_, this_.SerialNumber as SerialNu2_8_0_ FROM Settings_ShellDescriptorRecord this_ WHERE 1=1
System.Data.SqlServerCe.SqlCeException (0x80004005): The specified table does not exist. [ Settings_ShellDescriptorRecord ]
   at System.Data.SqlServerCe.SqlCeCommand.ProcessResults(Int32 hr)
   at System.Data.SqlServerCe.SqlCeCommand.CompileQueryPlan()
   at System.Data.SqlServerCe.SqlCeCommand.ExecuteCommand(CommandBehavior behavior, String method, ResultSetOptions options)
   at System.Data.SqlServerCe.SqlCeCommand.ExecuteReader(CommandBehavior behavior)
   at System.Data.SqlServerCe.SqlCeCommand.ExecuteDbDataReader(CommandBehavior behavior)
   at System.Data.Common.DbCommand.System.Data.IDbCommand.ExecuteReader()
   at NHibernate.AdoNet.AbstractBatcher.ExecuteReader(IDbCommand cmd)
2012-10-22 23:04:20,851 [9] NHibernate.Util.ADOExceptionReporter - The specified table does not exist. [ Settings_ShellDescriptorRecord ]
2012-10-22 23:04:20,870 [9] NHibernate.Util.ADOExceptionReporter - The specified table does not exist. [ Settings_ShellDescriptorRecord ]
2012-10-22 23:04:20,913 [9] Orchard.Environment.DefaultOrchardHost - A tenant could not be started: Default
NHibernate.ADOException: could not execute query
[ SELECT this_.Id as Id8_0_, this_.SerialNumber as SerialNu2_8_0_ FROM Settings_ShellDescriptorRecord this_ WHERE 1=1 ]
[SQL: SELECT this_.Id as Id8_0_, this_.SerialNumber as SerialNu2_8_0_ FROM Settings_ShellDescriptorRecord this_ WHERE 1=1] ---> System.Data.SqlServerCe.SqlCeException: The specified table does not exist. [ Settings_ShellDescriptorRecord ]
   at System.Data.SqlServerCe.SqlCeCommand.ProcessResults(Int32 hr)
   at System.Data.SqlServerCe.SqlCeCommand.CompileQueryPlan()
   at System.Data.SqlServerCe.SqlCeCommand.ExecuteCommand(CommandBehavior behavior, String method, ResultSetOptions options)
   at System.Data.SqlServerCe.SqlCeCommand.ExecuteReader(CommandBehavior behavior)
   at System.Data.SqlServerCe.SqlCeCommand.ExecuteDbDataReader(CommandBehavior behavior)
   at System.Data.Common.DbCommand.System.Data.IDbCommand.ExecuteReader()
   at NHibernate.AdoNet.AbstractBatcher.ExecuteReader(IDbCommand cmd)
   at NHibernate.Loader.Loader.GetResultSet(IDbCommand st, Boolean autoDiscoverTypes, Boolean callable, RowSelection selection, ISessionImplementor session)
   at NHibernate.Loader.Loader.DoQuery(ISessionImplementor session, QueryParameters queryParameters, Boolean returnProxies)
   at NHibernate.Loader.Loader.DoQueryAndInitializeNonLazyCollections(ISessionImplementor session, QueryParameters queryParameters, Boolean returnProxies)
   at NHibernate.Loader.Loader.DoList(ISessionImplementor session, QueryParameters queryParameters)
   --- End of inner exception stack trace ---
   at NHibernate.Loader.Loader.DoList(ISessionImplementor session, QueryParameters queryParameters)
   at NHibernate.Loader.Loader.ListIgnoreQueryCache(ISessionImplementor session, QueryParameters queryParameters)
   at NHibernate.Loader.Loader.List(ISessionImplementor session, QueryParameters queryParameters, ISet`1 querySpaces, IType[] resultTypes)
   at NHibernate.Loader.Criteria.CriteriaLoader.List(ISessionImplementor session)
   at NHibernate.Impl.SessionImpl.List(CriteriaImpl criteria, IList results)
   at NHibernate.Impl.CriteriaImpl.List(IList results)
   at NHibernate.Impl.CriteriaImpl.List[T]()
   at NHibernate.Linq.Visitors.ImmediateResultsVisitor`1.GetElementList(MethodCallExpression call, Int32 count)
   at NHibernate.Linq.Visitors.ImmediateResultsVisitor`1.HandleSingleOrDefaultCall(MethodCallExpression call)
   at NHibernate.Linq.Visitors.ImmediateResultsVisitor`1.VisitMethodCall(MethodCallExpression call)
   at NHibernate.Linq.Visitors.ExpressionVisitor.Visit(Expression exp)
   at NHibernate.Linq.Visitors.NHibernateExpressionVisitor.Visit(Expression exp)
   at NHibernate.Linq.Visitors.ImmediateResultsVisitor`1.GetResults(MethodCallExpression expr)
   at NHibernate.Linq.Visitors.RootVisitor.HandleImmediateResultsCall(MethodCallExpression call)
   at NHibernate.Linq.Visitors.RootVisitor.VisitMethodCall(MethodCallExpression expr)
   at NHibernate.Linq.Visitors.ExpressionVisitor.Visit(Expression exp)
   at NHibernate.Linq.Visitors.NHibernateExpressionVisitor.Visit(Expression exp)
   at NHibernate.Linq.Visitors.NHibernateQueryTranslator.TranslateInternal(Expression expression)
   at NHibernate.Linq.Visitors.NHibernateQueryTranslator.Translate(Expression expression, QueryOptions queryOptions)
   at NHibernate.Linq.NHibernateQueryProvider.TranslateExpression(Expression expression)
   at NHibernate.Linq.NHibernateQueryProvider.Execute(Expression expression)
   at NHibernate.Linq.QueryProvider.System.Linq.IQueryProvider.Execute[T](Expression expression)
   at System.Linq.Queryable.SingleOrDefault[TSource](IQueryable`1 source)
   at Orchard.Data.Repository`1.Get(Expression`1 predicate) in C:\Code\Github\Orchard\src\Orchard\Data\Repository.cs:line 91
   at Orchard.Data.Repository`1.Orchard.Data.IRepository<T>.Get(Expression`1 predicate) in C:\Code\Github\Orchard\src\Orchard\Data\Repository.cs:line 60
   at Orchard.Core.Settings.Descriptor.ShellDescriptorManager.GetDescriptorRecord() in C:\Code\Github\Orchard\src\Orchard.Web\Core\Settings\Descriptor\ShellDescriptorManager.cs:line 57
   at Orchard.Core.Settings.Descriptor.ShellDescriptorManager.GetShellDescriptor() in C:\Code\Github\Orchard\src\Orchard.Web\Core\Settings\Descriptor\ShellDescriptorManager.cs:line 30
   at Orchard.Environment.ShellBuilders.ShellContextFactory.CreateShellContext(ShellSettings settings) in C:\Code\Github\Orchard\src\Orchard\Environment\ShellBuilders\ShellContextFactory.cs:line 66
   at Orchard.Environment.DefaultOrchardHost.CreateShellContext(ShellSettings settings) in C:\Code\Github\Orchard\src\Orchard\Environment\DefaultOrchardHost.cs:line 174
   at Orchard.Environment.DefaultOrchardHost.CreateAndActivateShells() in C:\Code\Github\Orchard\src\Orchard\Environment\DefaultOrchardHost.cs:line 134
2012-10-22 23:08:13,749 [5] NHibernate.AdoNet.AbstractBatcher - Could not execute query: SELECT this_.Id as Id8_0_, this_.SerialNumber as SerialNu2_8_0_ FROM Settings_ShellDescriptorRecord this_ WHERE 1=1
System.Data.SqlServerCe.SqlCeException (0x80004005): The specified table does not exist. [ Settings_ShellDescriptorRecord ]
   at System.Data.SqlServerCe.SqlCeCommand.ProcessResults(Int32 hr)
   at System.Data.SqlServerCe.SqlCeCommand.CompileQueryPlan()
   at System.Data.SqlServerCe.SqlCeCommand.ExecuteCommand(CommandBehavior behavior, String method, ResultSetOptions options)
   at System.Data.SqlServerCe.SqlCeCommand.ExecuteReader(CommandBehavior behavior)
   at System.Data.SqlServerCe.SqlCeCommand.ExecuteDbDataReader(CommandBehavior behavior)
   at System.Data.Common.DbCommand.System.Data.IDbCommand.ExecuteReader()
   at NHibernate.AdoNet.AbstractBatcher.ExecuteReader(IDbCommand cmd)
2012-10-22 23:08:13,786 [5] NHibernate.Util.ADOExceptionReporter - The specified table does not exist. [ Settings_ShellDescriptorRecord ]
2012-10-22 23:08:13,806 [5] NHibernate.Util.ADOExceptionReporter - The specified table does not exist. [ Settings_ShellDescriptorRecord ]
2012-10-22 23:08:13,857 [5] Orchard.Environment.DefaultOrchardHost - A tenant could not be started: Default
NHibernate.ADOException: could not execute query
[ SELECT this_.Id as Id8_0_, this_.SerialNumber as SerialNu2_8_0_ FROM Settings_ShellDescriptorRecord this_ WHERE 1=1 ]
[SQL: SELECT this_.Id as Id8_0_, this_.SerialNumber as SerialNu2_8_0_ FROM Settings_ShellDescriptorRecord this_ WHERE 1=1] ---> System.Data.SqlServerCe.SqlCeException: The specified table does not exist. [ Settings_ShellDescriptorRecord ]
   at System.Data.SqlServerCe.SqlCeCommand.ProcessResults(Int32 hr)
   at System.Data.SqlServerCe.SqlCeCommand.CompileQueryPlan()
   at System.Data.SqlServerCe.SqlCeCommand.ExecuteCommand(CommandBehavior behavior, String method, ResultSetOptions options)
   at System.Data.SqlServerCe.SqlCeCommand.ExecuteReader(CommandBehavior behavior)
   at System.Data.SqlServerCe.SqlCeCommand.ExecuteDbDataReader(CommandBehavior behavior)
   at System.Data.Common.DbCommand.System.Data.IDbCommand.ExecuteReader()
   at NHibernate.AdoNet.AbstractBatcher.ExecuteReader(IDbCommand cmd)
   at NHibernate.Loader.Loader.GetResultSet(IDbCommand st, Boolean autoDiscoverTypes, Boolean callable, RowSelection selection, ISessionImplementor session)
   at NHibernate.Loader.Loader.DoQuery(ISessionImplementor session, QueryParameters queryParameters, Boolean returnProxies)
   at NHibernate.Loader.Loader.DoQueryAndInitializeNonLazyCollections(ISessionImplementor session, QueryParameters queryParameters, Boolean returnProxies)
   at NHibernate.Loader.Loader.DoList(ISessionImplementor session, QueryParameters queryParameters)
   --- End of inner exception stack trace ---
   at NHibernate.Loader.Loader.DoList(ISessionImplementor session, QueryParameters queryParameters)
   at NHibernate.Loader.Loader.ListIgnoreQueryCache(ISessionImplementor session, QueryParameters queryParameters)
   at NHibernate.Loader.Loader.List(ISessionImplementor session, QueryParameters queryParameters, ISet`1 querySpaces, IType[] resultTypes)
   at NHibernate.Loader.Criteria.CriteriaLoader.List(ISessionImplementor session)
   at NHibernate.Impl.SessionImpl.List(CriteriaImpl criteria, IList results)
   at NHibernate.Impl.CriteriaImpl.List(IList results)
   at NHibernate.Impl.CriteriaImpl.List[T]()
   at NHibernate.Linq.Visitors.ImmediateResultsVisitor`1.GetElementList(MethodCallExpression call, Int32 count)
   at NHibernate.Linq.Visitors.ImmediateResultsVisitor`1.HandleSingleOrDefaultCall(MethodCallExpression call)
   at NHibernate.Linq.Visitors.ImmediateResultsVisitor`1.VisitMethodCall(MethodCallExpression call)
   at NHibernate.Linq.Visitors.ExpressionVisitor.Visit(Expression exp)
   at NHibernate.Linq.Visitors.NHibernateExpressionVisitor.Visit(Expression exp)
   at NHibernate.Linq.Visitors.ImmediateResultsVisitor`1.GetResults(MethodCallExpression expr)
   at NHibernate.Linq.Visitors.RootVisitor.HandleImmediateResultsCall(MethodCallExpression call)
   at NHibernate.Linq.Visitors.RootVisitor.VisitMethodCall(MethodCallExpression expr)
   at NHibernate.Linq.Visitors.ExpressionVisitor.Visit(Expression exp)
   at NHibernate.Linq.Visitors.NHibernateExpressionVisitor.Visit(Expression exp)
   at NHibernate.Linq.Visitors.NHibernateQueryTranslator.TranslateInternal(Expression expression)
   at NHibernate.Linq.Visitors.NHibernateQueryTranslator.Translate(Expression expression, QueryOptions queryOptions)
   at NHibernate.Linq.NHibernateQueryProvider.TranslateExpression(Expression expression)
   at NHibernate.Linq.NHibernateQueryProvider.Execute(Expression expression)
   at NHibernate.Linq.QueryProvider.System.Linq.IQueryProvider.Execute[T](Expression expression)
   at System.Linq.Queryable.SingleOrDefault[TSource](IQueryable`1 source)
   at Orchard.Data.Repository`1.Get(Expression`1 predicate) in C:\Code\Github\Orchard\src\Orchard\Data\Repository.cs:line 91
   at Orchard.Data.Repository`1.Orchard.Data.IRepository<T>.Get(Expression`1 predicate) in C:\Code\Github\Orchard\src\Orchard\Data\Repository.cs:line 60
   at Orchard.Core.Settings.Descriptor.ShellDescriptorManager.GetDescriptorRecord() in C:\Code\Github\Orchard\src\Orchard.Web\Core\Settings\Descriptor\ShellDescriptorManager.cs:line 57
   at Orchard.Core.Settings.Descriptor.ShellDescriptorManager.GetShellDescriptor() in C:\Code\Github\Orchard\src\Orchard.Web\Core\Settings\Descriptor\ShellDescriptorManager.cs:line 30
   at Orchard.Environment.ShellBuilders.ShellContextFactory.CreateShellContext(ShellSettings settings) in C:\Code\Github\Orchard\src\Orchard\Environment\ShellBuilders\ShellContextFactory.cs:line 66
   at Orchard.Environment.DefaultOrchardHost.CreateShellContext(ShellSettings settings) in C:\Code\Github\Orchard\src\Orchard\Environment\DefaultOrchardHost.cs:line 174
   at Orchard.Environment.DefaultOrchardHost.CreateAndActivateShells() in C:\Code\Github\Orchard\src\Orchard\Environment\DefaultOrchardHost.cs:line 134
2012-10-22 23:08:14,481 [5] NHibernate.AdoNet.AbstractBatcher - Could not execute query: SELECT this_.Id as Id8_0_, this_.SerialNumber as SerialNu2_8_0_ FROM Settings_ShellDescriptorRecord this_ WHERE 1=1
System.Data.SqlServerCe.SqlCeException (0x80004005): The specified table does not exist. [ Settings_ShellDescriptorRecord ]
   at System.Data.SqlServerCe.SqlCeCommand.ProcessResults(Int32 hr)
   at System.Data.SqlServerCe.SqlCeCommand.CompileQueryPlan()
   at System.Data.SqlServerCe.SqlCeCommand.ExecuteCommand(CommandBehavior behavior, String method, ResultSetOptions options)
   at System.Data.SqlServerCe.SqlCeCommand.ExecuteReader(CommandBehavior behavior)
   at System.Data.SqlServerCe.SqlCeCommand.ExecuteDbDataReader(CommandBehavior behavior)
   at System.Data.Common.DbCommand.System.Data.IDbCommand.ExecuteReader()
   at NHibernate.AdoNet.AbstractBatcher.ExecuteReader(IDbCommand cmd)
2012-10-22 23:08:14,503 [5] NHibernate.Util.ADOExceptionReporter - The specified table does not exist. [ Settings_ShellDescriptorRecord ]
2012-10-22 23:08:14,528 [5] NHibernate.Util.ADOExceptionReporter - The specified table does not exist. [ Settings_ShellDescriptorRecord ]
2012-10-22 23:08:14,567 [5] Orchard.Environment.DefaultOrchardHost - A tenant could not be started: Default
NHibernate.ADOException: could not execute query
[ SELECT this_.Id as Id8_0_, this_.SerialNumber as SerialNu2_8_0_ FROM Settings_ShellDescriptorRecord this_ WHERE 1=1 ]
[SQL: SELECT this_.Id as Id8_0_, this_.SerialNumber as SerialNu2_8_0_ FROM Settings_ShellDescriptorRecord this_ WHERE 1=1] ---> System.Data.SqlServerCe.SqlCeException: The specified table does not exist. [ Settings_ShellDescriptorRecord ]
   at System.Data.SqlServerCe.SqlCeCommand.ProcessResults(Int32 hr)
   at System.Data.SqlServerCe.SqlCeCommand.CompileQueryPlan()
   at System.Data.SqlServerCe.SqlCeCommand.ExecuteCommand(CommandBehavior behavior, String method, ResultSetOptions options)
   at System.Data.SqlServerCe.SqlCeCommand.ExecuteReader(CommandBehavior behavior)
   at System.Data.SqlServerCe.SqlCeCommand.ExecuteDbDataReader(CommandBehavior behavior)
   at System.Data.Common.DbCommand.System.Data.IDbCommand.ExecuteReader()
   at NHibernate.AdoNet.AbstractBatcher.ExecuteReader(IDbCommand cmd)
   at NHibernate.Loader.Loader.GetResultSet(IDbCommand st, Boolean autoDiscoverTypes, Boolean callable, RowSelection selection, ISessionImplementor session)
   at NHibernate.Loader.Loader.DoQuery(ISessionImplementor session, QueryParameters queryParameters, Boolean returnProxies)
   at NHibernate.Loader.Loader.DoQueryAndInitializeNonLazyCollections(ISessionImplementor session, QueryParameters queryParameters, Boolean returnProxies)
   at NHibernate.Loader.Loader.DoList(ISessionImplementor session, QueryParameters queryParameters)
   --- End of inner exception stack trace ---
   at NHibernate.Loader.Loader.DoList(ISessionImplementor session, QueryParameters queryParameters)
   at NHibernate.Loader.Loader.ListIgnoreQueryCache(ISessionImplementor session, QueryParameters queryParameters)
   at NHibernate.Loader.Loader.List(ISessionImplementor session, QueryParameters queryParameters, ISet`1 querySpaces, IType[] resultTypes)
   at NHibernate.Loader.Criteria.CriteriaLoader.List(ISessionImplementor session)
   at NHibernate.Impl.SessionImpl.List(CriteriaImpl criteria, IList results)
   at NHibernate.Impl.CriteriaImpl.List(IList results)
   at NHibernate.Impl.CriteriaImpl.List[T]()
   at NHibernate.Linq.Visitors.ImmediateResultsVisitor`1.GetElementList(MethodCallExpression call, Int32 count)
   at NHibernate.Linq.Visitors.ImmediateResultsVisitor`1.HandleSingleOrDefaultCall(MethodCallExpression call)
   at NHibernate.Linq.Visitors.ImmediateResultsVisitor`1.VisitMethodCall(MethodCallExpression call)
   at NHibernate.Linq.Visitors.ExpressionVisitor.Visit(Expression exp)
   at NHibernate.Linq.Visitors.NHibernateExpressionVisitor.Visit(Expression exp)
   at NHibernate.Linq.Visitors.ImmediateResultsVisitor`1.GetResults(MethodCallExpression expr)
   at NHibernate.Linq.Visitors.RootVisitor.HandleImmediateResultsCall(MethodCallExpression call)
   at NHibernate.Linq.Visitors.RootVisitor.VisitMethodCall(MethodCallExpression expr)
   at NHibernate.Linq.Visitors.ExpressionVisitor.Visit(Expression exp)
   at NHibernate.Linq.Visitors.NHibernateExpressionVisitor.Visit(Expression exp)
   at NHibernate.Linq.Visitors.NHibernateQueryTranslator.TranslateInternal(Expression expression)
   at NHibernate.Linq.Visitors.NHibernateQueryTranslator.Translate(Expression expression, QueryOptions queryOptions)
   at NHibernate.Linq.NHibernateQueryProvider.TranslateExpression(Expression expression)
   at NHibernate.Linq.NHibernateQueryProvider.Execute(Expression expression)
   at NHibernate.Linq.QueryProvider.System.Linq.IQueryProvider.Execute[T](Expression expression)
   at System.Linq.Queryable.SingleOrDefault[TSource](IQueryable`1 source)
   at Orchard.Data.Repository`1.Get(Expression`1 predicate) in C:\Code\Github\Orchard\src\Orchard\Data\Repository.cs:line 91
   at Orchard.Data.Repository`1.Orchard.Data.IRepository<T>.Get(Expression`1 predicate) in C:\Code\Github\Orchard\src\Orchard\Data\Repository.cs:line 60
   at Orchard.Core.Settings.Descriptor.ShellDescriptorManager.GetDescriptorRecord() in C:\Code\Github\Orchard\src\Orchard.Web\Core\Settings\Descriptor\ShellDescriptorManager.cs:line 57
   at Orchard.Core.Settings.Descriptor.ShellDescriptorManager.GetShellDescriptor() in C:\Code\Github\Orchard\src\Orchard.Web\Core\Settings\Descriptor\ShellDescriptorManager.cs:line 30
   at Orchard.Environment.ShellBuilders.ShellContextFactory.CreateShellContext(ShellSettings settings) in C:\Code\Github\Orchard\src\Orchard\Environment\ShellBuilders\ShellContextFactory.cs:line 66
   at Orchard.Environment.DefaultOrchardHost.CreateShellContext(ShellSettings settings) in C:\Code\Github\Orchard\src\Orchard\Environment\DefaultOrchardHost.cs:line 174
   at Orchard.Environment.DefaultOrchardHost.CreateAndActivateShells() in C:\Code\Github\Orchard\src\Orchard\Environment\DefaultOrchardHost.cs:line 134
2012-10-22 23:08:15,151 [5] NHibernate.AdoNet.AbstractBatcher - Could not execute query: SELECT this_.Id as Id8_0_, this_.SerialNumber as SerialNu2_8_0_ FROM Settings_ShellDescriptorRecord this_ WHERE 1=1
System.Data.SqlServerCe.SqlCeException (0x80004005): The specified table does not exist. [ Settings_ShellDescriptorRecord ]
   at System.Data.SqlServerCe.SqlCeCommand.ProcessResults(Int32 hr)
   at System.Data.SqlServerCe.SqlCeCommand.CompileQueryPlan()
   at System.Data.SqlServerCe.SqlCeCommand.ExecuteCommand(CommandBehavior behavior, String method, ResultSetOptions options)
   at System.Data.SqlServerCe.SqlCeCommand.ExecuteReader(CommandBehavior behavior)
   at System.Data.SqlServerCe.SqlCeCommand.ExecuteDbDataReader(CommandBehavior behavior)
   at System.Data.Common.DbCommand.System.Data.IDbCommand.ExecuteReader()
   at NHibernate.AdoNet.AbstractBatcher.ExecuteReader(IDbCommand cmd)
2012-10-22 23:08:15,174 [5] NHibernate.Util.ADOExceptionReporter - The specified table does not exist. [ Settings_ShellDescriptorRecord ]
2012-10-22 23:08:15,196 [5] NHibernate.Util.ADOExceptionReporter - The specified table does not exist. [ Settings_ShellDescriptorRecord ]
2012-10-22 23:08:15,244 [5] Orchard.Environment.DefaultOrchardHost - A tenant could not be started: Default
NHibernate.ADOException: could not execute query
[ SELECT this_.Id as Id8_0_, this_.SerialNumber as SerialNu2_8_0_ FROM Settings_ShellDescriptorRecord this_ WHERE 1=1 ]
[SQL: SELECT this_.Id as Id8_0_, this_.SerialNumber as SerialNu2_8_0_ FROM Settings_ShellDescriptorRecord this_ WHERE 1=1] ---> System.Data.SqlServerCe.SqlCeException: The specified table does not exist. [ Settings_ShellDescriptorRecord ]
   at System.Data.SqlServerCe.SqlCeCommand.ProcessResults(Int32 hr)
   at System.Data.SqlServerCe.SqlCeCommand.CompileQueryPlan()
   at System.Data.SqlServerCe.SqlCeCommand.ExecuteCommand(CommandBehavior behavior, String method, ResultSetOptions options)
   at System.Data.SqlServerCe.SqlCeCommand.ExecuteReader(CommandBehavior behavior)
   at System.Data.SqlServerCe.SqlCeCommand.ExecuteDbDataReader(CommandBehavior behavior)
   at System.Data.Common.DbCommand.System.Data.IDbCommand.ExecuteReader()
   at NHibernate.AdoNet.AbstractBatcher.ExecuteReader(IDbCommand cmd)
   at NHibernate.Loader.Loader.GetResultSet(IDbCommand st, Boolean autoDiscoverTypes, Boolean callable, RowSelection selection, ISessionImplementor session)
   at NHibernate.Loader.Loader.DoQuery(ISessionImplementor session, QueryParameters queryParameters, Boolean returnProxies)
   at NHibernate.Loader.Loader.DoQueryAndInitializeNonLazyCollections(ISessionImplementor session, QueryParameters queryParameters, Boolean returnProxies)
   at NHibernate.Loader.Loader.DoList(ISessionImplementor session, QueryParameters queryParameters)
   --- End of inner exception stack trace ---
   at NHibernate.Loader.Loader.DoList(ISessionImplementor session, QueryParameters queryParameters)
   at NHibernate.Loader.Loader.ListIgnoreQueryCache(ISessionImplementor session, QueryParameters queryParameters)
   at NHibernate.Loader.Loader.List(ISessionImplementor session, QueryParameters queryParameters, ISet`1 querySpaces, IType[] resultTypes)
   at NHibernate.Loader.Criteria.CriteriaLoader.List(ISessionImplementor session)
   at NHibernate.Impl.SessionImpl.List(CriteriaImpl criteria, IList results)
   at NHibernate.Impl.CriteriaImpl.List(IList results)
   at NHibernate.Impl.CriteriaImpl.List[T]()
   at NHibernate.Linq.Visitors.ImmediateResultsVisitor`1.GetElementList(MethodCallExpression call, Int32 count)
   at NHibernate.Linq.Visitors.ImmediateResultsVisitor`1.HandleSingleOrDefaultCall(MethodCallExpression call)
   at NHibernate.Linq.Visitors.ImmediateResultsVisitor`1.VisitMethodCall(MethodCallExpression call)
   at NHibernate.Linq.Visitors.ExpressionVisitor.Visit(Expression exp)
   at NHibernate.Linq.Visitors.NHibernateExpressionVisitor.Visit(Expression exp)
   at NHibernate.Linq.Visitors.ImmediateResultsVisitor`1.GetResults(MethodCallExpression expr)
   at NHibernate.Linq.Visitors.RootVisitor.HandleImmediateResultsCall(MethodCallExpression call)
   at NHibernate.Linq.Visitors.RootVisitor.VisitMethodCall(MethodCallExpression expr)
   at NHibernate.Linq.Visitors.ExpressionVisitor.Visit(Expression exp)
   at NHibernate.Linq.Visitors.NHibernateExpressionVisitor.Visit(Expression exp)
   at NHibernate.Linq.Visitors.NHibernateQueryTranslator.TranslateInternal(Expression expression)
   at NHibernate.Linq.Visitors.NHibernateQueryTranslator.Translate(Expression expression, QueryOptions queryOptions)
   at NHibernate.Linq.NHibernateQueryProvider.TranslateExpression(Expression expression)
   at NHibernate.Linq.NHibernateQueryProvider.Execute(Expression expression)
   at NHibernate.Linq.QueryProvider.System.Linq.IQueryProvider.Execute[T](Expression expression)
   at System.Linq.Queryable.SingleOrDefault[TSource](IQueryable`1 source)
   at Orchard.Data.Repository`1.Get(Expression`1 predicate) in C:\Code\Github\Orchard\src\Orchard\Data\Repository.cs:line 91
   at Orchard.Data.Repository`1.Orchard.Data.IRepository<T>.Get(Expression`1 predicate) in C:\Code\Github\Orchard\src\Orchard\Data\Repository.cs:line 60
   at Orchard.Core.Settings.Descriptor.ShellDescriptorManager.GetDescriptorRecord() in C:\Code\Github\Orchard\src\Orchard.Web\Core\Settings\Descriptor\ShellDescriptorManager.cs:line 57
   at Orchard.Core.Settings.Descriptor.ShellDescriptorManager.GetShellDescriptor() in C:\Code\Github\Orchard\src\Orchard.Web\Core\Settings\Descriptor\ShellDescriptorManager.cs:line 30
   at Orchard.Environment.ShellBuilders.ShellContextFactory.CreateShellContext(ShellSettings settings) in C:\Code\Github\Orchard\src\Orchard\Environment\ShellBuilders\ShellContextFactory.cs:line 66
   at Orchard.Environment.DefaultOrchardHost.CreateShellContext(ShellSettings settings) in C:\Code\Github\Orchard\src\Orchard\Environment\DefaultOrchardHost.cs:line 174
   at Orchard.Environment.DefaultOrchardHost.CreateAndActivateShells() in C:\Code\Github\Orchard\src\Orchard\Environment\DefaultOrchardHost.cs:line 134
2012-10-22 23:14:27,562 [15] NHibernate.AdoNet.AbstractBatcher - Could not execute query: SELECT this_.Id as Id75_0_, this_.SerialNumber as SerialNu2_75_0_ FROM Settings_ShellDescriptorRecord this_ WHERE 1=1
System.Data.SqlServerCe.SqlCeException (0x80004005): The specified table does not exist. [ Settings_ShellDescriptorRecord ]
   at System.Data.SqlServerCe.SqlCeCommand.ProcessResults(Int32 hr)
   at System.Data.SqlServerCe.SqlCeCommand.CompileQueryPlan()
   at System.Data.SqlServerCe.SqlCeCommand.ExecuteCommand(CommandBehavior behavior, String method, ResultSetOptions options)
   at System.Data.SqlServerCe.SqlCeCommand.ExecuteReader(CommandBehavior behavior)
   at System.Data.SqlServerCe.SqlCeCommand.ExecuteDbDataReader(CommandBehavior behavior)
   at System.Data.Common.DbCommand.System.Data.IDbCommand.ExecuteReader()
   at NHibernate.AdoNet.AbstractBatcher.ExecuteReader(IDbCommand cmd)
2012-10-22 23:14:27,587 [15] NHibernate.Util.ADOExceptionReporter - The specified table does not exist. [ Settings_ShellDescriptorRecord ]
2012-10-22 23:14:27,612 [15] NHibernate.Util.ADOExceptionReporter - The specified table does not exist. [ Settings_ShellDescriptorRecord ]
